<?xml version="1.0" encoding="UTF-8" ?>
<testsuite tests="1" failures="0" name="com.springRESTful.test.TestHello" time="0.004" errors="0" skipped="0">
  <properties>
    <property name="java.runtime.name" value="Java(TM) SE Runtime Environment"/>
    <property name="sun.boot.library.path" value="C:\Users\haifeng.tan-ext\Documents\jdk1.8.0_141\jre\bin"/>
    <property name="java.vm.version" value="25.141-b15"/>
    <property name="java.vm.vendor" value="Oracle Corporation"/>
    <property name="maven.multiModuleProjectDirectory" value="C:\Users\haifeng.tan-ext\Documents\learning\springRESTful"/>
    <property name="java.vendor.url" value="http://java.oracle.com/"/>
    <property name="path.separator" value=";"/>
    <property name="guice.disable.misplaced.annotation.check" value="true"/>
    <property name="java.vm.name" value="Java HotSpot(TM) 64-Bit Server VM"/>
    <property name="file.encoding.pkg" value="sun.io"/>
    <property name="user.script" value=""/>
    <property name="user.country" value="FR"/>
    <property name="sun.java.launcher" value="SUN_STANDARD"/>
    <property name="sun.os.patch.level" value="Service Pack 1"/>
    <property name="java.vm.specification.name" value="Java Virtual Machine Specification"/>
    <property name="user.dir" value="C:\Users\haifeng.tan-ext\Documents\learning\springRESTful"/>
    <property name="java.runtime.version" value="1.8.0_141-b15"/>
    <property name="java.awt.graphicsenv" value="sun.awt.Win32GraphicsEnvironment"/>
    <property name="java.endorsed.dirs" value="C:\Users\haifeng.tan-ext\Documents\jdk1.8.0_141\jre\lib\endorsed"/>
    <property name="os.arch" value="amd64"/>
    <property name="java.io.tmpdir" value="C:\Users\HAIFEN~1.TAN\AppData\Local\Temp\"/>
    <property name="line.separator" value="
"/>
    <property name="java.vm.specification.vendor" value="Oracle Corporation"/>
    <property name="user.variant" value=""/>
    <property name="os.name" value="Windows 7"/>
    <property name="classworlds.conf" value="C:\Users\haifeng.tan-ext\workspace2\.metadata\.plugins\org.eclipse.m2e.launching\launches\m2conf2383211233367574272.tmp"/>
    <property name="sun.jnu.encoding" value="Cp1252"/>
    <property name="java.library.path" value="C:\Users\haifeng.tan-ext\Documents\jdk1.8.0_141\bin;C:\WINDOWS\Sun\Java\bin;C:\WINDOWS\system32;C:\WINDOWS;C:/Users/haifeng.tan-ext/Documents/jdk1.8.0_141/bin/../jre/bin/server;C:/Users/haifeng.tan-ext/Documents/jdk1.8.0_141/bin/../jre/bin;C:/Users/haifeng.tan-ext/Documents/jdk1.8.0_141/bin/../jre/lib/amd64;C:\WINDOWS\system32;C:\WINDOWS;C:\WINDOWS\System32\Wbem;C:\WINDOWS\System32\WindowsPowerShell\v1.0\;C:\Program Files\MySQL\MySQL Utilities 1.6\;C:\WINDOWS\system32\config\systemprofile\.dnx\bin;C:\Program Files\Microsoft DNX\Dnvm\;C:\Program Files\Microsoft SQL Server\130\Tools\Binn\;C:\Program Files\nodejs\;C:\Program Files\PuTTY\;C:\WINDOWS\system32;C:\WINDOWS;C:\WINDOWS\System32\Wbem;C:\WINDOWS\System32\WindowsPowerShell\v1.0\;C:\WINDOWS\system32;C:\WINDOWS;C:\WINDOWS\System32\Wbem;C:\WINDOWS\System32\WindowsPowerShell\v1.0\;C:\WINDOWS\system32;C:\WINDOWS;C:\WINDOWS\System32\Wbem;C:\WINDOWS\System32\WindowsPowerShell\v1.0\;C:\WINDOWS\system32;C:\WINDOWS;C:\WINDOWS\System32\Wbem;C:\WINDOWS\System32\WindowsPowerShell\v1.0\;C:\WINDOWS\system32;C:\WINDOWS;C:\WINDOWS\System32\Wbem;C:\WINDOWS\System32\WindowsPowerShell\v1.0\;C:\Users\haifeng.tan-ext\AppData\Local\Programs\Git\cmd;C:\Users\haifeng.tan-ext\Documents\jdk1.8.0_141\bin;C:\Users\haifeng.tan-ext\Documents\Maven\apache-maven-3.5.0-bin\apache-maven-3.5.0\bin;C:\Users\haifeng.tan-ext\Documents\Maven\apache-maven-3.5.0-bin\apache-maven-3.5.0\bin ;C:\Users\haifeng.tan-ext\AppData\Roaming\npm;C:\Users\haifeng.tan-ext\Documents\eclipse;;."/>
    <property name="java.specification.name" value="Java Platform API Specification"/>
    <property name="java.class.version" value="52.0"/>
    <property name="sun.management.compiler" value="HotSpot 64-Bit Tiered Compilers"/>
    <property name="os.version" value="6.1"/>
    <property name="user.home" value="C:\Users\haifeng.tan-ext"/>
    <property name="user.timezone" value="Europe/Paris"/>
    <property name="java.awt.printerjob" value="sun.awt.windows.WPrinterJob"/>
    <property name="java.specification.version" value="1.8"/>
    <property name="file.encoding" value="Cp1252"/>
    <property name="user.name" value="haifeng.tan-ext"/>
    <property name="java.class.path" value="/C:/Users/haifeng.tan-ext/Documents/eclipse/plugins/org.eclipse.m2e.maven.runtime_1.7.0.20160603-1931/jars/plexus-classworlds-2.5.2.jar"/>
    <property name="java.vm.specification.version" value="1.8"/>
    <property name="sun.arch.data.model" value="64"/>
    <property name="java.home" value="C:\Users\haifeng.tan-ext\Documents\jdk1.8.0_141\jre"/>
    <property name="sun.java.command" value="org.codehaus.plexus.classworlds.launcher.Launcher -B install"/>
    <property name="java.specification.vendor" value="Oracle Corporation"/>
    <property name="user.language" value="fr"/>
    <property name="awt.toolkit" value="sun.awt.windows.WToolkit"/>
    <property name="java.vm.info" value="mixed mode"/>
    <property name="java.version" value="1.8.0_141"/>
    <property name="java.ext.dirs" value="C:\Users\haifeng.tan-ext\Documents\jdk1.8.0_141\jre\lib\ext;C:\WINDOWS\Sun\Java\lib\ext"/>
    <property name="sun.boot.class.path" value="C:\Users\haifeng.tan-ext\Documents\jdk1.8.0_141\jre\lib\resources.jar;C:\Users\haifeng.tan-ext\Documents\jdk1.8.0_141\jre\lib\rt.jar;C:\Users\haifeng.tan-ext\Documents\jdk1.8.0_141\jre\lib\sunrsasign.jar;C:\Users\haifeng.tan-ext\Documents\jdk1.8.0_141\jre\lib\jsse.jar;C:\Users\haifeng.tan-ext\Documents\jdk1.8.0_141\jre\lib\jce.jar;C:\Users\haifeng.tan-ext\Documents\jdk1.8.0_141\jre\lib\charsets.jar;C:\Users\haifeng.tan-ext\Documents\jdk1.8.0_141\jre\lib\jfr.jar;C:\Users\haifeng.tan-ext\Documents\jdk1.8.0_141\jre\classes"/>
    <property name="java.vendor" value="Oracle Corporation"/>
    <property name="maven.home" value="C:\Users\haifeng.tan-ext\Documents\learning\springRESTful\EMBEDDED"/>
    <property name="file.separator" value="\"/>
    <property name="java.vendor.url.bug" value="http://bugreport.sun.com/bugreport/"/>
    <property name="sun.cpu.endian" value="little"/>
    <property name="sun.io.unicode.encoding" value="UnicodeLittle"/>
    <property name="sun.desktop" value="windows"/>
    <property name="sun.cpu.isalist" value="amd64"/>
  </properties>
  <testcase classname="com.springRESTful.test.TestHello" name="testHello" time="0.004"/>
</testsuite>